<?xml version="1.0" encoding="UTF-8"?>
<!-- Generated by org.testng.reporters.JUnitReportReporter -->
<testsuite hostname="LAPTOP-GMUB91CV" failures="0" tests="4" name="com.TestNG_Features.Ignore_Case" time="0.015" errors="0" timestamp="2022-01-29T22:04:54 IST" skipped="1">
  <testcase classname="com.TestNG_Features.Ignore_Case" name="Apple" time="0.012"/>
  <system-out/>
  <testcase classname="com.TestNG_Features.Ignore_Case" name="Watermelon" time="0.001"/>
  <system-out/>
  <testcase classname="com.TestNG_Features.Ignore_Case" name="Orange" time="0.002"/>
  <system-out/>
  <testcase classname="com.TestNG_Features.Ignore_Case" name="Muskmelon">
    <skipped/>
  </testcase> <!-- Muskmelon -->
  <system-out/>
</testsuite> <!-- com.TestNG_Features.Ignore_Case -->
