<?xml version="1.0" encoding="UTF-8"?>
<!-- Generated by org.testng.reporters.JUnitReportReporter -->
<testsuite hostname="LAPTOP-GMUB91CV" failures="0" tests="4" name="com.TestNG_Features.Simple_Annotation" time="0.021" errors="0" timestamp="2022-01-26T14:50:28 IST" skipped="0">
  <testcase classname="com.TestNG_Features.Simple_Annotation" name="maroon" time="0.009"/>
  <system-out/>
  <testcase classname="com.TestNG_Features.Simple_Annotation" name="yellow" time="0.002"/>
  <system-out/>
  <testcase classname="com.TestNG_Features.Simple_Annotation" name="purple" time="0.002"/>
  <system-out/>
  <testcase classname="com.TestNG_Features.Simple_Annotation" name="voilet" time="0.008"/>
  <system-out/>
</testsuite> <!-- com.TestNG_Features.Simple_Annotation -->
