<?xml version="1.0" encoding="UTF-8"?>
<!-- Generated by org.testng.reporters.JUnitReportReporter -->
<testsuite hostname="LAPTOP-GMUB91CV" failures="0" tests="3" name="com.TestNG_Features.Groups" time="0.019" errors="0" timestamp="2022-01-29T22:10:37 IST" skipped="0">
  <testcase classname="com.TestNG_Features.Groups" name="Beans" time="0.016"/>
  <system-out/>
  <testcase classname="com.TestNG_Features.Groups" name="greenpeas" time="0.002"/>
  <system-out/>
  <testcase classname="com.TestNG_Features.Groups" name="Carrot" time="0.001"/>
  <system-out/>
</testsuite> <!-- com.TestNG_Features.Groups -->
