<?xml version="1.0" encoding="UTF-8"?>
<!-- Generated by org.testng.reporters.JUnitReportReporter -->
<testsuite hostname="LAPTOP-GMUB91CV" failures="0" tests="1" name="com.TestNG_Features.HardAssert" time="0.019" errors="0" timestamp="2022-02-01T08:59:41 IST" skipped="0">
  <testcase classname="com.TestNG_Features.HardAssert" name="HardAssert_Concept" time="0.019"/>
  <system-out/>
</testsuite> <!-- com.TestNG_Features.HardAssert -->
