<?xml version="1.0" encoding="UTF-8"?>
<!-- Generated by org.testng.reporters.JUnitReportReporter -->
<testsuite hostname="LAPTOP-GMUB91CV" failures="0" tests="2" name="com.TestNG_Features.Data_Provider" time="0.012" errors="0" timestamp="2022-02-01T08:49:51 IST" skipped="0">
  <testcase classname="com.TestNG_Features.Data_Provider" name="Password" time="0.002"/>
  <system-out/>
  <testcase classname="com.TestNG_Features.Data_Provider" name="Password" time="0.010"/>
  <system-out/>
</testsuite> <!-- com.TestNG_Features.Data_Provider -->
