<?xml version="1.0" encoding="UTF-8"?>
<!-- Generated by org.testng.reporters.JUnitReportReporter -->
<testsuite hostname="LAPTOP-GMUB91CV" failures="0" tests="1" name="com.TestNG_Features.Parameterized" time="0.015" errors="0" timestamp="2022-01-31T09:47:27 IST" skipped="0">
  <testcase classname="com.TestNG_Features.Parameterized" name="credential" time="0.015"/>
  <system-out/>
</testsuite> <!-- com.TestNG_Features.Parameterized -->
