<?xml version="1.0" encoding="UTF-8"?>
<!-- Generated by org.testng.reporters.JUnitReportReporter -->
<testsuite hostname="LAPTOP-GMUB91CV" failures="0" tests="2" name="com.TestNG_Features.Dependency" time="0.015" errors="0" timestamp="2022-01-29T15:47:57 IST" skipped="0">
  <testcase classname="com.TestNG_Features.Dependency" name="SSLCPass" time="0.013"/>
  <system-out/>
  <testcase classname="com.TestNG_Features.Dependency" name="HigerSec" time="0.002"/>
  <system-out/>
</testsuite> <!-- com.TestNG_Features.Dependency -->
