<?xml version="1.0" encoding="UTF-8"?>
<!-- Generated by org.testng.reporters.JUnitReportReporter -->
<testsuite hostname="LAPTOP-GMUB91CV" failures="0" tests="1" name="com.TestNG_Features.Soft_Assert1" time="0.021" errors="0" timestamp="2022-02-01T09:00:25 IST" skipped="0">
  <testcase classname="com.TestNG_Features.Soft_Assert1" name="Soft_AssertMethod" time="0.021"/>
  <system-out/>
</testsuite> <!-- com.TestNG_Features.Soft_Assert1 -->
